2024-04-22 11:02:06,623:WARNING:
'cuml' is a soft dependency and not included in the pycaret installation. Please run: `pip install cuml` to install.
2024-04-22 11:02:06,623:WARNING:
'cuml' is a soft dependency and not included in the pycaret installation. Please run: `pip install cuml` to install.
2024-04-22 11:02:06,623:WARNING:
'cuml' is a soft dependency and not included in the pycaret installation. Please run: `pip install cuml` to install.
2024-04-22 11:02:06,623:WARNING:
'cuml' is a soft dependency and not included in the pycaret installation. Please run: `pip install cuml` to install.
2024-04-22 11:02:07,863:INFO:Initializing load_model()
2024-04-22 11:02:07,863:INFO:load_model(model_name=final_cancer, platform=None, authentication=None, verbose=True)
2024-04-22 11:02:07,867:WARNING:/Users/tmedeirosb/Desktop/DEV/evasao/venv/lib/python3.9/site-packages/sklearn/base.py:318: UserWarning: Trying to unpickle estimator SimpleImputer from version 1.4.2 when using version 1.2.2. This might lead to breaking code or invalid results. Use at your own risk. For more info please refer to:
https://scikit-learn.org/stable/model_persistence.html#security-maintainability-limitations
  warnings.warn(

2024-04-22 11:02:07,867:WARNING:/Users/tmedeirosb/Desktop/DEV/evasao/venv/lib/python3.9/site-packages/sklearn/base.py:318: UserWarning: Trying to unpickle estimator ExtraTreeClassifier from version 1.4.2 when using version 1.2.2. This might lead to breaking code or invalid results. Use at your own risk. For more info please refer to:
https://scikit-learn.org/stable/model_persistence.html#security-maintainability-limitations
  warnings.warn(

2024-04-22 11:04:48,665:WARNING:
'cuml' is a soft dependency and not included in the pycaret installation. Please run: `pip install cuml` to install.
2024-04-22 11:04:48,665:WARNING:
'cuml' is a soft dependency and not included in the pycaret installation. Please run: `pip install cuml` to install.
2024-04-22 11:04:48,665:WARNING:
'cuml' is a soft dependency and not included in the pycaret installation. Please run: `pip install cuml` to install.
2024-04-22 11:04:48,665:WARNING:
'cuml' is a soft dependency and not included in the pycaret installation. Please run: `pip install cuml` to install.
2024-04-22 11:04:53,335:INFO:Initializing load_model()
2024-04-22 11:04:53,335:INFO:load_model(model_name=final_cancer, platform=None, authentication=None, verbose=True)
2024-04-22 11:04:53,830:WARNING:/Users/tmedeirosb/Desktop/DEV/evasao/venv/lib/python3.9/site-packages/pycaret/internal/pipeline.py:146: UserWarning: Version mismatch:
current: {'deps_info': {'pip': '23.3.1', 'setuptools': '58.0.4', 'pycaret': '3.3.1', 'IPython': '8.14.0', 'ipywidgets': '8.1.0', 'tqdm': '4.66.1', 'numpy': '1.23.5', 'pandas': '1.5.3', 'jinja2': '3.1.2', 'scipy': '1.11.2', 'joblib': '1.3.2', 'sklearn': '1.4.2', 'pyod': '1.1.3', 'imblearn': '0.12.2', 'category_encoders': '2.6.2', 'lightgbm': '4.0.0', 'numba': '0.57.1', 'requests': '2.31.0', 'matplotlib': '3.7.2', 'scikitplot': '0.3.7', 'yellowbrick': '1.5', 'plotly': '5.16.1', 'plotly-resampler': 'Not installed', 'kaleido': '0.2.1', 'schemdraw': '0.15', 'statsmodels': '0.14.0', 'sktime': '0.26.0', 'tbats': '1.1.3', 'pmdarima': '2.0.4', 'psutil': '5.9.5', 'markupsafe': '2.1.3', 'pickle5': 'Not installed', 'cloudpickle': '2.2.1', 'deprecation': '2.1.0', 'xxhash': '3.3.0', 'wurlitzer': '3.0.3'}, 'python': {'version': '3.9.6', 'machine': 'arm64'}}
pickle: {'deps_info': {'pip': '23.1.2', 'setuptools': '67.7.2', 'pycaret': '3.3.1', 'IPython': '7.34.0', 'ipywidgets': '7.7.1', 'tqdm': '4.66.2', 'numpy': '1.25.2', 'pandas': '2.0.3', 'jinja2': '3.1.3', 'scipy': '1.11.4', 'joblib': '1.3.2', 'sklearn': '1.4.2', 'pyod': '1.1.3', 'imblearn': '0.12.2', 'category_encoders': '2.6.3', 'lightgbm': '4.1.0', 'numba': '0.58.1', 'requests': '2.31.0', 'matplotlib': '3.7.1', 'scikitplot': '0.3.7', 'yellowbrick': '1.5', 'plotly': '5.15.0', 'plotly-resampler': 'Not installed', 'kaleido': '0.2.1', 'schemdraw': '0.15', 'statsmodels': '0.14.2', 'sktime': '0.26.0', 'tbats': '1.1.3', 'pmdarima': '2.0.4', 'psutil': '5.9.5', 'markupsafe': '2.1.5', 'pickle5': 'Not installed', 'cloudpickle': '2.2.1', 'deprecation': '2.1.0', 'xxhash': '3.4.1', 'wurlitzer': '3.0.3'}, 'python': {'version': '3.10.12', 'machine': 'x86_64'}}
  warnings.warn(

2024-04-22 11:05:07,573:INFO:Initializing load_model()
2024-04-22 11:05:07,574:INFO:load_model(model_name=final_cancer, platform=None, authentication=None, verbose=True)
2024-04-22 11:05:07,625:WARNING:/Users/tmedeirosb/Desktop/DEV/evasao/venv/lib/python3.9/site-packages/pycaret/internal/pipeline.py:146: UserWarning: Version mismatch:
current: {'deps_info': {'pip': '23.3.1', 'setuptools': '58.0.4', 'pycaret': '3.3.1', 'IPython': '8.14.0', 'ipywidgets': '8.1.0', 'tqdm': '4.66.1', 'numpy': '1.23.5', 'pandas': '1.5.3', 'jinja2': '3.1.2', 'scipy': '1.11.2', 'joblib': '1.3.2', 'sklearn': '1.4.2', 'pyod': '1.1.3', 'imblearn': '0.12.2', 'category_encoders': '2.6.2', 'lightgbm': '4.0.0', 'numba': '0.57.1', 'requests': '2.31.0', 'matplotlib': '3.7.2', 'scikitplot': '0.3.7', 'yellowbrick': '1.5', 'plotly': '5.16.1', 'plotly-resampler': 'Not installed', 'kaleido': '0.2.1', 'schemdraw': '0.15', 'statsmodels': '0.14.0', 'sktime': '0.26.0', 'tbats': '1.1.3', 'pmdarima': '2.0.4', 'psutil': '5.9.5', 'markupsafe': '2.1.3', 'pickle5': 'Not installed', 'cloudpickle': '2.2.1', 'deprecation': '2.1.0', 'xxhash': '3.3.0', 'wurlitzer': '3.0.3'}, 'python': {'version': '3.9.6', 'machine': 'arm64'}}
pickle: {'deps_info': {'pip': '23.1.2', 'setuptools': '67.7.2', 'pycaret': '3.3.1', 'IPython': '7.34.0', 'ipywidgets': '7.7.1', 'tqdm': '4.66.2', 'numpy': '1.25.2', 'pandas': '2.0.3', 'jinja2': '3.1.3', 'scipy': '1.11.4', 'joblib': '1.3.2', 'sklearn': '1.4.2', 'pyod': '1.1.3', 'imblearn': '0.12.2', 'category_encoders': '2.6.3', 'lightgbm': '4.1.0', 'numba': '0.58.1', 'requests': '2.31.0', 'matplotlib': '3.7.1', 'scikitplot': '0.3.7', 'yellowbrick': '1.5', 'plotly': '5.15.0', 'plotly-resampler': 'Not installed', 'kaleido': '0.2.1', 'schemdraw': '0.15', 'statsmodels': '0.14.2', 'sktime': '0.26.0', 'tbats': '1.1.3', 'pmdarima': '2.0.4', 'psutil': '5.9.5', 'markupsafe': '2.1.5', 'pickle5': 'Not installed', 'cloudpickle': '2.2.1', 'deprecation': '2.1.0', 'xxhash': '3.4.1', 'wurlitzer': '3.0.3'}, 'python': {'version': '3.10.12', 'machine': 'x86_64'}}
  warnings.warn(

2024-04-22 11:05:08,145:INFO:Initializing predict_model()
2024-04-22 11:05:08,145:INFO:predict_model(self=<pycaret.classification.oop.ClassificationExperiment object at 0x17a02cbe0>, estimator=Pipeline(memory=Memory(location=None),
         steps=[('numerical_imputer',
                 TransformerWrapper(include=['age', 'menopause', 'tumor-size',
                                             'inv-nodes', 'node-caps',
                                             'deg-malig', 'breast',
                                             'breast-quad', 'irradiat'],
                                    transformer=SimpleImputer())),
                ('categorical_imputer',
                 TransformerWrapper(include=[],
                                    transformer=SimpleImputer(strategy='most_frequent'))),
                ('clean_column_names',
                 TransformerWrapper(transformer=CleanColumnNames())),
                ('actual_estimator',
                 ExtraTreesClassifier(class_weight='balanced_subsample',
                                      max_depth=6, max_features='log2',
                                      min_impurity_decrease=0.001,
                                      min_samples_leaf=6, min_samples_split=9,
                                      n_estimators=190, n_jobs=-1,
                                      random_state=123))]), probability_threshold=None, encoded_labels=False, raw_score=False, round=4, verbose=True, ml_usecase=None, preprocess=True, encode_labels=<function _SupervisedExperiment.predict_model.<locals>.encode_labels at 0x29dd21700>)
2024-04-22 11:05:08,145:INFO:Checking exceptions
2024-04-22 11:05:08,145:INFO:Preloading libraries
2024-04-22 11:05:08,146:INFO:Set up data.
2024-04-22 11:05:08,150:INFO:Set up index.
2024-04-22 11:06:33,462:INFO:Initializing load_model()
2024-04-22 11:06:33,464:INFO:load_model(model_name=final_cancer, platform=None, authentication=None, verbose=True)
2024-04-22 11:06:33,550:WARNING:/Users/tmedeirosb/Desktop/DEV/evasao/venv/lib/python3.9/site-packages/pycaret/internal/pipeline.py:146: UserWarning: Version mismatch:
current: {'deps_info': {'pip': '23.3.1', 'setuptools': '58.0.4', 'pycaret': '3.3.1', 'IPython': '8.14.0', 'ipywidgets': '8.1.0', 'tqdm': '4.66.1', 'numpy': '1.23.5', 'pandas': '1.5.3', 'jinja2': '3.1.2', 'scipy': '1.11.2', 'joblib': '1.3.2', 'sklearn': '1.4.2', 'pyod': '1.1.3', 'imblearn': '0.12.2', 'category_encoders': '2.6.2', 'lightgbm': '4.0.0', 'numba': '0.57.1', 'requests': '2.31.0', 'matplotlib': '3.7.2', 'scikitplot': '0.3.7', 'yellowbrick': '1.5', 'plotly': '5.16.1', 'plotly-resampler': 'Not installed', 'kaleido': '0.2.1', 'schemdraw': '0.15', 'statsmodels': '0.14.0', 'sktime': '0.26.0', 'tbats': '1.1.3', 'pmdarima': '2.0.4', 'psutil': '5.9.5', 'markupsafe': '2.1.3', 'pickle5': 'Not installed', 'cloudpickle': '2.2.1', 'deprecation': '2.1.0', 'xxhash': '3.3.0', 'wurlitzer': '3.0.3'}, 'python': {'version': '3.9.6', 'machine': 'arm64'}}
pickle: {'deps_info': {'pip': '23.1.2', 'setuptools': '67.7.2', 'pycaret': '3.3.1', 'IPython': '7.34.0', 'ipywidgets': '7.7.1', 'tqdm': '4.66.2', 'numpy': '1.25.2', 'pandas': '2.0.3', 'jinja2': '3.1.3', 'scipy': '1.11.4', 'joblib': '1.3.2', 'sklearn': '1.4.2', 'pyod': '1.1.3', 'imblearn': '0.12.2', 'category_encoders': '2.6.3', 'lightgbm': '4.1.0', 'numba': '0.58.1', 'requests': '2.31.0', 'matplotlib': '3.7.1', 'scikitplot': '0.3.7', 'yellowbrick': '1.5', 'plotly': '5.15.0', 'plotly-resampler': 'Not installed', 'kaleido': '0.2.1', 'schemdraw': '0.15', 'statsmodels': '0.14.2', 'sktime': '0.26.0', 'tbats': '1.1.3', 'pmdarima': '2.0.4', 'psutil': '5.9.5', 'markupsafe': '2.1.5', 'pickle5': 'Not installed', 'cloudpickle': '2.2.1', 'deprecation': '2.1.0', 'xxhash': '3.4.1', 'wurlitzer': '3.0.3'}, 'python': {'version': '3.10.12', 'machine': 'x86_64'}}
  warnings.warn(

2024-04-22 11:06:33,889:INFO:Initializing predict_model()
2024-04-22 11:06:33,889:INFO:predict_model(self=<pycaret.classification.oop.ClassificationExperiment object at 0x29ee95a60>, estimator=Pipeline(memory=Memory(location=None),
         steps=[('numerical_imputer',
                 TransformerWrapper(include=['age', 'menopause', 'tumor-size',
                                             'inv-nodes', 'node-caps',
                                             'deg-malig', 'breast',
                                             'breast-quad', 'irradiat'],
                                    transformer=SimpleImputer())),
                ('categorical_imputer',
                 TransformerWrapper(include=[],
                                    transformer=SimpleImputer(strategy='most_frequent'))),
                ('clean_column_names',
                 TransformerWrapper(transformer=CleanColumnNames())),
                ('actual_estimator',
                 ExtraTreesClassifier(class_weight='balanced_subsample',
                                      max_depth=6, max_features='log2',
                                      min_impurity_decrease=0.001,
                                      min_samples_leaf=6, min_samples_split=9,
                                      n_estimators=190, n_jobs=-1,
                                      random_state=123))]), probability_threshold=None, encoded_labels=False, raw_score=False, round=4, verbose=True, ml_usecase=None, preprocess=True, encode_labels=<function _SupervisedExperiment.predict_model.<locals>.encode_labels at 0x16f5bf670>)
2024-04-22 11:06:33,890:INFO:Checking exceptions
2024-04-22 11:06:33,890:INFO:Preloading libraries
2024-04-22 11:06:33,890:INFO:Set up data.
2024-04-22 11:06:33,893:INFO:Set up index.
2024-04-22 11:07:31,763:INFO:Initializing load_model()
2024-04-22 11:07:31,764:INFO:load_model(model_name=final_cancer, platform=None, authentication=None, verbose=True)
2024-04-22 11:07:31,814:WARNING:/Users/tmedeirosb/Desktop/DEV/evasao/venv/lib/python3.9/site-packages/pycaret/internal/pipeline.py:146: UserWarning: Version mismatch:
current: {'deps_info': {'pip': '23.3.1', 'setuptools': '58.0.4', 'pycaret': '3.3.1', 'IPython': '8.14.0', 'ipywidgets': '8.1.0', 'tqdm': '4.66.1', 'numpy': '1.23.5', 'pandas': '1.5.3', 'jinja2': '3.1.2', 'scipy': '1.11.2', 'joblib': '1.3.2', 'sklearn': '1.4.2', 'pyod': '1.1.3', 'imblearn': '0.12.2', 'category_encoders': '2.6.2', 'lightgbm': '4.0.0', 'numba': '0.57.1', 'requests': '2.31.0', 'matplotlib': '3.7.2', 'scikitplot': '0.3.7', 'yellowbrick': '1.5', 'plotly': '5.16.1', 'plotly-resampler': 'Not installed', 'kaleido': '0.2.1', 'schemdraw': '0.15', 'statsmodels': '0.14.0', 'sktime': '0.26.0', 'tbats': '1.1.3', 'pmdarima': '2.0.4', 'psutil': '5.9.5', 'markupsafe': '2.1.3', 'pickle5': 'Not installed', 'cloudpickle': '2.2.1', 'deprecation': '2.1.0', 'xxhash': '3.3.0', 'wurlitzer': '3.0.3'}, 'python': {'version': '3.9.6', 'machine': 'arm64'}}
pickle: {'deps_info': {'pip': '23.1.2', 'setuptools': '67.7.2', 'pycaret': '3.3.1', 'IPython': '7.34.0', 'ipywidgets': '7.7.1', 'tqdm': '4.66.2', 'numpy': '1.25.2', 'pandas': '2.0.3', 'jinja2': '3.1.3', 'scipy': '1.11.4', 'joblib': '1.3.2', 'sklearn': '1.4.2', 'pyod': '1.1.3', 'imblearn': '0.12.2', 'category_encoders': '2.6.3', 'lightgbm': '4.1.0', 'numba': '0.58.1', 'requests': '2.31.0', 'matplotlib': '3.7.1', 'scikitplot': '0.3.7', 'yellowbrick': '1.5', 'plotly': '5.15.0', 'plotly-resampler': 'Not installed', 'kaleido': '0.2.1', 'schemdraw': '0.15', 'statsmodels': '0.14.2', 'sktime': '0.26.0', 'tbats': '1.1.3', 'pmdarima': '2.0.4', 'psutil': '5.9.5', 'markupsafe': '2.1.5', 'pickle5': 'Not installed', 'cloudpickle': '2.2.1', 'deprecation': '2.1.0', 'xxhash': '3.4.1', 'wurlitzer': '3.0.3'}, 'python': {'version': '3.10.12', 'machine': 'x86_64'}}
  warnings.warn(

2024-04-22 11:07:32,403:INFO:Initializing predict_model()
2024-04-22 11:07:32,403:INFO:predict_model(self=<pycaret.classification.oop.ClassificationExperiment object at 0x29b8dd670>, estimator=Pipeline(memory=Memory(location=None),
         steps=[('numerical_imputer',
                 TransformerWrapper(include=['age', 'menopause', 'tumor-size',
                                             'inv-nodes', 'node-caps',
                                             'deg-malig', 'breast',
                                             'breast-quad', 'irradiat'],
                                    transformer=SimpleImputer())),
                ('categorical_imputer',
                 TransformerWrapper(include=[],
                                    transformer=SimpleImputer(strategy='most_frequent'))),
                ('clean_column_names',
                 TransformerWrapper(transformer=CleanColumnNames())),
                ('actual_estimator',
                 ExtraTreesClassifier(class_weight='balanced_subsample',
                                      max_depth=6, max_features='log2',
                                      min_impurity_decrease=0.001,
                                      min_samples_leaf=6, min_samples_split=9,
                                      n_estimators=190, n_jobs=-1,
                                      random_state=123))]), probability_threshold=None, encoded_labels=False, raw_score=False, round=4, verbose=True, ml_usecase=None, preprocess=True, encode_labels=<function _SupervisedExperiment.predict_model.<locals>.encode_labels at 0x16f5bf280>)
2024-04-22 11:07:32,403:INFO:Checking exceptions
2024-04-22 11:07:32,404:INFO:Preloading libraries
2024-04-22 11:07:32,404:INFO:Set up data.
2024-04-22 11:07:32,406:INFO:Set up index.
2024-04-22 11:07:51,731:INFO:Initializing load_model()
2024-04-22 11:07:51,731:INFO:load_model(model_name=final_cancer, platform=None, authentication=None, verbose=True)
2024-04-22 11:07:51,780:WARNING:/Users/tmedeirosb/Desktop/DEV/evasao/venv/lib/python3.9/site-packages/pycaret/internal/pipeline.py:146: UserWarning: Version mismatch:
current: {'deps_info': {'pip': '23.3.1', 'setuptools': '58.0.4', 'pycaret': '3.3.1', 'IPython': '8.14.0', 'ipywidgets': '8.1.0', 'tqdm': '4.66.1', 'numpy': '1.23.5', 'pandas': '1.5.3', 'jinja2': '3.1.2', 'scipy': '1.11.2', 'joblib': '1.3.2', 'sklearn': '1.4.2', 'pyod': '1.1.3', 'imblearn': '0.12.2', 'category_encoders': '2.6.2', 'lightgbm': '4.0.0', 'numba': '0.57.1', 'requests': '2.31.0', 'matplotlib': '3.7.2', 'scikitplot': '0.3.7', 'yellowbrick': '1.5', 'plotly': '5.16.1', 'plotly-resampler': 'Not installed', 'kaleido': '0.2.1', 'schemdraw': '0.15', 'statsmodels': '0.14.0', 'sktime': '0.26.0', 'tbats': '1.1.3', 'pmdarima': '2.0.4', 'psutil': '5.9.5', 'markupsafe': '2.1.3', 'pickle5': 'Not installed', 'cloudpickle': '2.2.1', 'deprecation': '2.1.0', 'xxhash': '3.3.0', 'wurlitzer': '3.0.3'}, 'python': {'version': '3.9.6', 'machine': 'arm64'}}
pickle: {'deps_info': {'pip': '23.1.2', 'setuptools': '67.7.2', 'pycaret': '3.3.1', 'IPython': '7.34.0', 'ipywidgets': '7.7.1', 'tqdm': '4.66.2', 'numpy': '1.25.2', 'pandas': '2.0.3', 'jinja2': '3.1.3', 'scipy': '1.11.4', 'joblib': '1.3.2', 'sklearn': '1.4.2', 'pyod': '1.1.3', 'imblearn': '0.12.2', 'category_encoders': '2.6.3', 'lightgbm': '4.1.0', 'numba': '0.58.1', 'requests': '2.31.0', 'matplotlib': '3.7.1', 'scikitplot': '0.3.7', 'yellowbrick': '1.5', 'plotly': '5.15.0', 'plotly-resampler': 'Not installed', 'kaleido': '0.2.1', 'schemdraw': '0.15', 'statsmodels': '0.14.2', 'sktime': '0.26.0', 'tbats': '1.1.3', 'pmdarima': '2.0.4', 'psutil': '5.9.5', 'markupsafe': '2.1.5', 'pickle5': 'Not installed', 'cloudpickle': '2.2.1', 'deprecation': '2.1.0', 'xxhash': '3.4.1', 'wurlitzer': '3.0.3'}, 'python': {'version': '3.10.12', 'machine': 'x86_64'}}
  warnings.warn(

2024-04-22 11:07:52,300:INFO:Initializing predict_model()
2024-04-22 11:07:52,301:INFO:predict_model(self=<pycaret.classification.oop.ClassificationExperiment object at 0x29b8a27f0>, estimator=Pipeline(memory=Memory(location=None),
         steps=[('numerical_imputer',
                 TransformerWrapper(include=['age', 'menopause', 'tumor-size',
                                             'inv-nodes', 'node-caps',
                                             'deg-malig', 'breast',
                                             'breast-quad', 'irradiat'],
                                    transformer=SimpleImputer())),
                ('categorical_imputer',
                 TransformerWrapper(include=[],
                                    transformer=SimpleImputer(strategy='most_frequent'))),
                ('clean_column_names',
                 TransformerWrapper(transformer=CleanColumnNames())),
                ('actual_estimator',
                 ExtraTreesClassifier(class_weight='balanced_subsample',
                                      max_depth=6, max_features='log2',
                                      min_impurity_decrease=0.001,
                                      min_samples_leaf=6, min_samples_split=9,
                                      n_estimators=190, n_jobs=-1,
                                      random_state=123))]), probability_threshold=None, encoded_labels=False, raw_score=False, round=4, verbose=True, ml_usecase=None, preprocess=True, encode_labels=<function _SupervisedExperiment.predict_model.<locals>.encode_labels at 0x16f5bfee0>)
2024-04-22 11:07:52,301:INFO:Checking exceptions
2024-04-22 11:07:52,301:INFO:Preloading libraries
2024-04-22 11:07:52,301:INFO:Set up data.
2024-04-22 11:07:52,305:INFO:Set up index.
2024-04-22 11:09:12,974:WARNING:
'cuml' is a soft dependency and not included in the pycaret installation. Please run: `pip install cuml` to install.
2024-04-22 11:09:12,974:WARNING:
'cuml' is a soft dependency and not included in the pycaret installation. Please run: `pip install cuml` to install.
2024-04-22 11:09:12,974:WARNING:
'cuml' is a soft dependency and not included in the pycaret installation. Please run: `pip install cuml` to install.
2024-04-22 11:09:12,974:WARNING:
'cuml' is a soft dependency and not included in the pycaret installation. Please run: `pip install cuml` to install.
2024-04-22 11:09:13,625:INFO:Initializing load_model()
2024-04-22 11:09:13,625:INFO:load_model(model_name=final_cancer, platform=None, authentication=None, verbose=True)
2024-04-22 11:09:13,893:WARNING:/Users/tmedeirosb/Desktop/DEV/evasao/venv/lib/python3.9/site-packages/pycaret/internal/pipeline.py:146: UserWarning: Version mismatch:
current: {'deps_info': {'pip': '23.3.1', 'setuptools': '58.0.4', 'pycaret': '3.3.1', 'IPython': '8.14.0', 'ipywidgets': '8.1.0', 'tqdm': '4.66.1', 'numpy': '1.23.5', 'pandas': '1.5.3', 'jinja2': '3.1.2', 'scipy': '1.11.2', 'joblib': '1.3.2', 'sklearn': '1.4.2', 'pyod': '1.1.3', 'imblearn': '0.12.2', 'category_encoders': '2.6.2', 'lightgbm': '4.0.0', 'numba': '0.57.1', 'requests': '2.31.0', 'matplotlib': '3.7.2', 'scikitplot': '0.3.7', 'yellowbrick': '1.5', 'plotly': '5.16.1', 'plotly-resampler': 'Not installed', 'kaleido': '0.2.1', 'schemdraw': '0.15', 'statsmodels': '0.14.0', 'sktime': '0.26.0', 'tbats': '1.1.3', 'pmdarima': '2.0.4', 'psutil': '5.9.5', 'markupsafe': '2.1.3', 'pickle5': 'Not installed', 'cloudpickle': '2.2.1', 'deprecation': '2.1.0', 'xxhash': '3.3.0', 'wurlitzer': '3.0.3'}, 'python': {'version': '3.9.6', 'machine': 'arm64'}}
pickle: {'deps_info': {'pip': '23.1.2', 'setuptools': '67.7.2', 'pycaret': '3.3.1', 'IPython': '7.34.0', 'ipywidgets': '7.7.1', 'tqdm': '4.66.2', 'numpy': '1.25.2', 'pandas': '2.0.3', 'jinja2': '3.1.3', 'scipy': '1.11.4', 'joblib': '1.3.2', 'sklearn': '1.4.2', 'pyod': '1.1.3', 'imblearn': '0.12.2', 'category_encoders': '2.6.3', 'lightgbm': '4.1.0', 'numba': '0.58.1', 'requests': '2.31.0', 'matplotlib': '3.7.1', 'scikitplot': '0.3.7', 'yellowbrick': '1.5', 'plotly': '5.15.0', 'plotly-resampler': 'Not installed', 'kaleido': '0.2.1', 'schemdraw': '0.15', 'statsmodels': '0.14.2', 'sktime': '0.26.0', 'tbats': '1.1.3', 'pmdarima': '2.0.4', 'psutil': '5.9.5', 'markupsafe': '2.1.5', 'pickle5': 'Not installed', 'cloudpickle': '2.2.1', 'deprecation': '2.1.0', 'xxhash': '3.4.1', 'wurlitzer': '3.0.3'}, 'python': {'version': '3.10.12', 'machine': 'x86_64'}}
  warnings.warn(

2024-04-22 11:09:17,399:INFO:Initializing load_model()
2024-04-22 11:09:17,400:INFO:load_model(model_name=final_cancer, platform=None, authentication=None, verbose=True)
2024-04-22 11:09:17,452:WARNING:/Users/tmedeirosb/Desktop/DEV/evasao/venv/lib/python3.9/site-packages/pycaret/internal/pipeline.py:146: UserWarning: Version mismatch:
current: {'deps_info': {'pip': '23.3.1', 'setuptools': '58.0.4', 'pycaret': '3.3.1', 'IPython': '8.14.0', 'ipywidgets': '8.1.0', 'tqdm': '4.66.1', 'numpy': '1.23.5', 'pandas': '1.5.3', 'jinja2': '3.1.2', 'scipy': '1.11.2', 'joblib': '1.3.2', 'sklearn': '1.4.2', 'pyod': '1.1.3', 'imblearn': '0.12.2', 'category_encoders': '2.6.2', 'lightgbm': '4.0.0', 'numba': '0.57.1', 'requests': '2.31.0', 'matplotlib': '3.7.2', 'scikitplot': '0.3.7', 'yellowbrick': '1.5', 'plotly': '5.16.1', 'plotly-resampler': 'Not installed', 'kaleido': '0.2.1', 'schemdraw': '0.15', 'statsmodels': '0.14.0', 'sktime': '0.26.0', 'tbats': '1.1.3', 'pmdarima': '2.0.4', 'psutil': '5.9.5', 'markupsafe': '2.1.3', 'pickle5': 'Not installed', 'cloudpickle': '2.2.1', 'deprecation': '2.1.0', 'xxhash': '3.3.0', 'wurlitzer': '3.0.3'}, 'python': {'version': '3.9.6', 'machine': 'arm64'}}
pickle: {'deps_info': {'pip': '23.1.2', 'setuptools': '67.7.2', 'pycaret': '3.3.1', 'IPython': '7.34.0', 'ipywidgets': '7.7.1', 'tqdm': '4.66.2', 'numpy': '1.25.2', 'pandas': '2.0.3', 'jinja2': '3.1.3', 'scipy': '1.11.4', 'joblib': '1.3.2', 'sklearn': '1.4.2', 'pyod': '1.1.3', 'imblearn': '0.12.2', 'category_encoders': '2.6.3', 'lightgbm': '4.1.0', 'numba': '0.58.1', 'requests': '2.31.0', 'matplotlib': '3.7.1', 'scikitplot': '0.3.7', 'yellowbrick': '1.5', 'plotly': '5.15.0', 'plotly-resampler': 'Not installed', 'kaleido': '0.2.1', 'schemdraw': '0.15', 'statsmodels': '0.14.2', 'sktime': '0.26.0', 'tbats': '1.1.3', 'pmdarima': '2.0.4', 'psutil': '5.9.5', 'markupsafe': '2.1.5', 'pickle5': 'Not installed', 'cloudpickle': '2.2.1', 'deprecation': '2.1.0', 'xxhash': '3.4.1', 'wurlitzer': '3.0.3'}, 'python': {'version': '3.10.12', 'machine': 'x86_64'}}
  warnings.warn(

2024-04-22 11:09:17,814:INFO:Initializing predict_model()
2024-04-22 11:09:17,814:INFO:predict_model(self=<pycaret.classification.oop.ClassificationExperiment object at 0x16dcd6910>, estimator=Pipeline(memory=Memory(location=None),
         steps=[('numerical_imputer',
                 TransformerWrapper(include=['age', 'menopause', 'tumor-size',
                                             'inv-nodes', 'node-caps',
                                             'deg-malig', 'breast',
                                             'breast-quad', 'irradiat'],
                                    transformer=SimpleImputer())),
                ('categorical_imputer',
                 TransformerWrapper(include=[],
                                    transformer=SimpleImputer(strategy='most_frequent'))),
                ('clean_column_names',
                 TransformerWrapper(transformer=CleanColumnNames())),
                ('actual_estimator',
                 ExtraTreesClassifier(class_weight='balanced_subsample',
                                      max_depth=6, max_features='log2',
                                      min_impurity_decrease=0.001,
                                      min_samples_leaf=6, min_samples_split=9,
                                      n_estimators=190, n_jobs=-1,
                                      random_state=123))]), probability_threshold=None, encoded_labels=False, raw_score=False, round=4, verbose=True, ml_usecase=None, preprocess=True, encode_labels=<function _SupervisedExperiment.predict_model.<locals>.encode_labels at 0x1461703a0>)
2024-04-22 11:09:17,814:INFO:Checking exceptions
2024-04-22 11:09:17,814:INFO:Preloading libraries
2024-04-22 11:09:17,815:INFO:Set up data.
2024-04-22 11:09:17,818:INFO:Set up index.
2024-04-22 11:09:52,038:INFO:Initializing load_model()
2024-04-22 11:09:52,039:INFO:load_model(model_name=final_cancer, platform=None, authentication=None, verbose=True)
2024-04-22 11:09:52,088:WARNING:/Users/tmedeirosb/Desktop/DEV/evasao/venv/lib/python3.9/site-packages/pycaret/internal/pipeline.py:146: UserWarning: Version mismatch:
current: {'deps_info': {'pip': '23.3.1', 'setuptools': '58.0.4', 'pycaret': '3.3.1', 'IPython': '8.14.0', 'ipywidgets': '8.1.0', 'tqdm': '4.66.1', 'numpy': '1.23.5', 'pandas': '1.5.3', 'jinja2': '3.1.2', 'scipy': '1.11.2', 'joblib': '1.3.2', 'sklearn': '1.4.2', 'pyod': '1.1.3', 'imblearn': '0.12.2', 'category_encoders': '2.6.2', 'lightgbm': '4.0.0', 'numba': '0.57.1', 'requests': '2.31.0', 'matplotlib': '3.7.2', 'scikitplot': '0.3.7', 'yellowbrick': '1.5', 'plotly': '5.16.1', 'plotly-resampler': 'Not installed', 'kaleido': '0.2.1', 'schemdraw': '0.15', 'statsmodels': '0.14.0', 'sktime': '0.26.0', 'tbats': '1.1.3', 'pmdarima': '2.0.4', 'psutil': '5.9.5', 'markupsafe': '2.1.3', 'pickle5': 'Not installed', 'cloudpickle': '2.2.1', 'deprecation': '2.1.0', 'xxhash': '3.3.0', 'wurlitzer': '3.0.3'}, 'python': {'version': '3.9.6', 'machine': 'arm64'}}
pickle: {'deps_info': {'pip': '23.1.2', 'setuptools': '67.7.2', 'pycaret': '3.3.1', 'IPython': '7.34.0', 'ipywidgets': '7.7.1', 'tqdm': '4.66.2', 'numpy': '1.25.2', 'pandas': '2.0.3', 'jinja2': '3.1.3', 'scipy': '1.11.4', 'joblib': '1.3.2', 'sklearn': '1.4.2', 'pyod': '1.1.3', 'imblearn': '0.12.2', 'category_encoders': '2.6.3', 'lightgbm': '4.1.0', 'numba': '0.58.1', 'requests': '2.31.0', 'matplotlib': '3.7.1', 'scikitplot': '0.3.7', 'yellowbrick': '1.5', 'plotly': '5.15.0', 'plotly-resampler': 'Not installed', 'kaleido': '0.2.1', 'schemdraw': '0.15', 'statsmodels': '0.14.2', 'sktime': '0.26.0', 'tbats': '1.1.3', 'pmdarima': '2.0.4', 'psutil': '5.9.5', 'markupsafe': '2.1.5', 'pickle5': 'Not installed', 'cloudpickle': '2.2.1', 'deprecation': '2.1.0', 'xxhash': '3.4.1', 'wurlitzer': '3.0.3'}, 'python': {'version': '3.10.12', 'machine': 'x86_64'}}
  warnings.warn(

2024-04-22 11:09:52,457:INFO:Initializing predict_model()
2024-04-22 11:09:52,458:INFO:predict_model(self=<pycaret.classification.oop.ClassificationExperiment object at 0x16b482b80>, estimator=Pipeline(memory=Memory(location=None),
         steps=[('numerical_imputer',
                 TransformerWrapper(include=['age', 'menopause', 'tumor-size',
                                             'inv-nodes', 'node-caps',
                                             'deg-malig', 'breast',
                                             'breast-quad', 'irradiat'],
                                    transformer=SimpleImputer())),
                ('categorical_imputer',
                 TransformerWrapper(include=[],
                                    transformer=SimpleImputer(strategy='most_frequent'))),
                ('clean_column_names',
                 TransformerWrapper(transformer=CleanColumnNames())),
                ('actual_estimator',
                 ExtraTreesClassifier(class_weight='balanced_subsample',
                                      max_depth=6, max_features='log2',
                                      min_impurity_decrease=0.001,
                                      min_samples_leaf=6, min_samples_split=9,
                                      n_estimators=190, n_jobs=-1,
                                      random_state=123))]), probability_threshold=None, encoded_labels=False, raw_score=False, round=4, verbose=True, ml_usecase=None, preprocess=True, encode_labels=<function _SupervisedExperiment.predict_model.<locals>.encode_labels at 0x16b3b73a0>)
2024-04-22 11:09:52,458:INFO:Checking exceptions
2024-04-22 11:09:52,458:INFO:Preloading libraries
2024-04-22 11:09:52,458:INFO:Set up data.
2024-04-22 11:09:52,461:INFO:Set up index.
2024-04-22 11:10:39,972:INFO:Initializing load_model()
2024-04-22 11:10:39,973:INFO:load_model(model_name=final_cancer, platform=None, authentication=None, verbose=True)
2024-04-22 11:10:40,015:WARNING:/Users/tmedeirosb/Desktop/DEV/evasao/venv/lib/python3.9/site-packages/pycaret/internal/pipeline.py:146: UserWarning: Version mismatch:
current: {'deps_info': {'pip': '23.3.1', 'setuptools': '58.0.4', 'pycaret': '3.3.1', 'IPython': '8.14.0', 'ipywidgets': '8.1.0', 'tqdm': '4.66.1', 'numpy': '1.23.5', 'pandas': '1.5.3', 'jinja2': '3.1.2', 'scipy': '1.11.2', 'joblib': '1.3.2', 'sklearn': '1.4.2', 'pyod': '1.1.3', 'imblearn': '0.12.2', 'category_encoders': '2.6.2', 'lightgbm': '4.0.0', 'numba': '0.57.1', 'requests': '2.31.0', 'matplotlib': '3.7.2', 'scikitplot': '0.3.7', 'yellowbrick': '1.5', 'plotly': '5.16.1', 'plotly-resampler': 'Not installed', 'kaleido': '0.2.1', 'schemdraw': '0.15', 'statsmodels': '0.14.0', 'sktime': '0.26.0', 'tbats': '1.1.3', 'pmdarima': '2.0.4', 'psutil': '5.9.5', 'markupsafe': '2.1.3', 'pickle5': 'Not installed', 'cloudpickle': '2.2.1', 'deprecation': '2.1.0', 'xxhash': '3.3.0', 'wurlitzer': '3.0.3'}, 'python': {'version': '3.9.6', 'machine': 'arm64'}}
pickle: {'deps_info': {'pip': '23.1.2', 'setuptools': '67.7.2', 'pycaret': '3.3.1', 'IPython': '7.34.0', 'ipywidgets': '7.7.1', 'tqdm': '4.66.2', 'numpy': '1.25.2', 'pandas': '2.0.3', 'jinja2': '3.1.3', 'scipy': '1.11.4', 'joblib': '1.3.2', 'sklearn': '1.4.2', 'pyod': '1.1.3', 'imblearn': '0.12.2', 'category_encoders': '2.6.3', 'lightgbm': '4.1.0', 'numba': '0.58.1', 'requests': '2.31.0', 'matplotlib': '3.7.1', 'scikitplot': '0.3.7', 'yellowbrick': '1.5', 'plotly': '5.15.0', 'plotly-resampler': 'Not installed', 'kaleido': '0.2.1', 'schemdraw': '0.15', 'statsmodels': '0.14.2', 'sktime': '0.26.0', 'tbats': '1.1.3', 'pmdarima': '2.0.4', 'psutil': '5.9.5', 'markupsafe': '2.1.5', 'pickle5': 'Not installed', 'cloudpickle': '2.2.1', 'deprecation': '2.1.0', 'xxhash': '3.4.1', 'wurlitzer': '3.0.3'}, 'python': {'version': '3.10.12', 'machine': 'x86_64'}}
  warnings.warn(

2024-04-22 11:10:40,530:INFO:Initializing predict_model()
2024-04-22 11:10:40,530:INFO:predict_model(self=<pycaret.classification.oop.ClassificationExperiment object at 0x29fd9e400>, estimator=Pipeline(memory=Memory(location=None),
         steps=[('numerical_imputer',
                 TransformerWrapper(include=['age', 'menopause', 'tumor-size',
                                             'inv-nodes', 'node-caps',
                                             'deg-malig', 'breast',
                                             'breast-quad', 'irradiat'],
                                    transformer=SimpleImputer())),
                ('categorical_imputer',
                 TransformerWrapper(include=[],
                                    transformer=SimpleImputer(strategy='most_frequent'))),
                ('clean_column_names',
                 TransformerWrapper(transformer=CleanColumnNames())),
                ('actual_estimator',
                 ExtraTreesClassifier(class_weight='balanced_subsample',
                                      max_depth=6, max_features='log2',
                                      min_impurity_decrease=0.001,
                                      min_samples_leaf=6, min_samples_split=9,
                                      n_estimators=190, n_jobs=-1,
                                      random_state=123))]), probability_threshold=None, encoded_labels=False, raw_score=False, round=4, verbose=True, ml_usecase=None, preprocess=True, encode_labels=<function _SupervisedExperiment.predict_model.<locals>.encode_labels at 0x16b3b7670>)
2024-04-22 11:10:40,531:INFO:Checking exceptions
2024-04-22 11:10:40,531:INFO:Preloading libraries
2024-04-22 11:10:40,531:INFO:Set up data.
2024-04-22 11:10:40,534:INFO:Set up index.
2024-04-22 11:12:00,536:INFO:Initializing load_model()
2024-04-22 11:12:00,538:INFO:load_model(model_name=final_cancer, platform=None, authentication=None, verbose=True)
2024-04-22 11:12:00,588:WARNING:/Users/tmedeirosb/Desktop/DEV/evasao/venv/lib/python3.9/site-packages/pycaret/internal/pipeline.py:146: UserWarning: Version mismatch:
current: {'deps_info': {'pip': '23.3.1', 'setuptools': '58.0.4', 'pycaret': '3.3.1', 'IPython': '8.14.0', 'ipywidgets': '8.1.0', 'tqdm': '4.66.1', 'numpy': '1.23.5', 'pandas': '1.5.3', 'jinja2': '3.1.2', 'scipy': '1.11.2', 'joblib': '1.3.2', 'sklearn': '1.4.2', 'pyod': '1.1.3', 'imblearn': '0.12.2', 'category_encoders': '2.6.2', 'lightgbm': '4.0.0', 'numba': '0.57.1', 'requests': '2.31.0', 'matplotlib': '3.7.2', 'scikitplot': '0.3.7', 'yellowbrick': '1.5', 'plotly': '5.16.1', 'plotly-resampler': 'Not installed', 'kaleido': '0.2.1', 'schemdraw': '0.15', 'statsmodels': '0.14.0', 'sktime': '0.26.0', 'tbats': '1.1.3', 'pmdarima': '2.0.4', 'psutil': '5.9.5', 'markupsafe': '2.1.3', 'pickle5': 'Not installed', 'cloudpickle': '2.2.1', 'deprecation': '2.1.0', 'xxhash': '3.3.0', 'wurlitzer': '3.0.3'}, 'python': {'version': '3.9.6', 'machine': 'arm64'}}
pickle: {'deps_info': {'pip': '23.1.2', 'setuptools': '67.7.2', 'pycaret': '3.3.1', 'IPython': '7.34.0', 'ipywidgets': '7.7.1', 'tqdm': '4.66.2', 'numpy': '1.25.2', 'pandas': '2.0.3', 'jinja2': '3.1.3', 'scipy': '1.11.4', 'joblib': '1.3.2', 'sklearn': '1.4.2', 'pyod': '1.1.3', 'imblearn': '0.12.2', 'category_encoders': '2.6.3', 'lightgbm': '4.1.0', 'numba': '0.58.1', 'requests': '2.31.0', 'matplotlib': '3.7.1', 'scikitplot': '0.3.7', 'yellowbrick': '1.5', 'plotly': '5.15.0', 'plotly-resampler': 'Not installed', 'kaleido': '0.2.1', 'schemdraw': '0.15', 'statsmodels': '0.14.2', 'sktime': '0.26.0', 'tbats': '1.1.3', 'pmdarima': '2.0.4', 'psutil': '5.9.5', 'markupsafe': '2.1.5', 'pickle5': 'Not installed', 'cloudpickle': '2.2.1', 'deprecation': '2.1.0', 'xxhash': '3.4.1', 'wurlitzer': '3.0.3'}, 'python': {'version': '3.10.12', 'machine': 'x86_64'}}
  warnings.warn(

2024-04-22 11:12:01,288:INFO:Initializing predict_model()
2024-04-22 11:12:01,288:INFO:predict_model(self=<pycaret.classification.oop.ClassificationExperiment object at 0x1461e9130>, estimator=Pipeline(memory=Memory(location=None),
         steps=[('numerical_imputer',
                 TransformerWrapper(include=['age', 'menopause', 'tumor-size',
                                             'inv-nodes', 'node-caps',
                                             'deg-malig', 'breast',
                                             'breast-quad', 'irradiat'],
                                    transformer=SimpleImputer())),
                ('categorical_imputer',
                 TransformerWrapper(include=[],
                                    transformer=SimpleImputer(strategy='most_frequent'))),
                ('clean_column_names',
                 TransformerWrapper(transformer=CleanColumnNames())),
                ('actual_estimator',
                 ExtraTreesClassifier(class_weight='balanced_subsample',
                                      max_depth=6, max_features='log2',
                                      min_impurity_decrease=0.001,
                                      min_samples_leaf=6, min_samples_split=9,
                                      n_estimators=190, n_jobs=-1,
                                      random_state=123))]), probability_threshold=None, encoded_labels=False, raw_score=False, round=4, verbose=True, ml_usecase=None, preprocess=True, encode_labels=<function _SupervisedExperiment.predict_model.<locals>.encode_labels at 0x16dce3e50>)
2024-04-22 11:12:01,289:INFO:Checking exceptions
2024-04-22 11:12:01,289:INFO:Preloading libraries
2024-04-22 11:12:01,289:INFO:Set up data.
2024-04-22 11:12:01,292:INFO:Set up index.
2024-04-22 11:13:10,599:INFO:Initializing load_model()
2024-04-22 11:13:10,600:INFO:load_model(model_name=final_cancer, platform=None, authentication=None, verbose=True)
2024-04-22 11:13:10,642:WARNING:/Users/tmedeirosb/Desktop/DEV/evasao/venv/lib/python3.9/site-packages/pycaret/internal/pipeline.py:146: UserWarning: Version mismatch:
current: {'deps_info': {'pip': '23.3.1', 'setuptools': '58.0.4', 'pycaret': '3.3.1', 'IPython': '8.14.0', 'ipywidgets': '8.1.0', 'tqdm': '4.66.1', 'numpy': '1.23.5', 'pandas': '1.5.3', 'jinja2': '3.1.2', 'scipy': '1.11.2', 'joblib': '1.3.2', 'sklearn': '1.4.2', 'pyod': '1.1.3', 'imblearn': '0.12.2', 'category_encoders': '2.6.2', 'lightgbm': '4.0.0', 'numba': '0.57.1', 'requests': '2.31.0', 'matplotlib': '3.7.2', 'scikitplot': '0.3.7', 'yellowbrick': '1.5', 'plotly': '5.16.1', 'plotly-resampler': 'Not installed', 'kaleido': '0.2.1', 'schemdraw': '0.15', 'statsmodels': '0.14.0', 'sktime': '0.26.0', 'tbats': '1.1.3', 'pmdarima': '2.0.4', 'psutil': '5.9.5', 'markupsafe': '2.1.3', 'pickle5': 'Not installed', 'cloudpickle': '2.2.1', 'deprecation': '2.1.0', 'xxhash': '3.3.0', 'wurlitzer': '3.0.3'}, 'python': {'version': '3.9.6', 'machine': 'arm64'}}
pickle: {'deps_info': {'pip': '23.1.2', 'setuptools': '67.7.2', 'pycaret': '3.3.1', 'IPython': '7.34.0', 'ipywidgets': '7.7.1', 'tqdm': '4.66.2', 'numpy': '1.25.2', 'pandas': '2.0.3', 'jinja2': '3.1.3', 'scipy': '1.11.4', 'joblib': '1.3.2', 'sklearn': '1.4.2', 'pyod': '1.1.3', 'imblearn': '0.12.2', 'category_encoders': '2.6.3', 'lightgbm': '4.1.0', 'numba': '0.58.1', 'requests': '2.31.0', 'matplotlib': '3.7.1', 'scikitplot': '0.3.7', 'yellowbrick': '1.5', 'plotly': '5.15.0', 'plotly-resampler': 'Not installed', 'kaleido': '0.2.1', 'schemdraw': '0.15', 'statsmodels': '0.14.2', 'sktime': '0.26.0', 'tbats': '1.1.3', 'pmdarima': '2.0.4', 'psutil': '5.9.5', 'markupsafe': '2.1.5', 'pickle5': 'Not installed', 'cloudpickle': '2.2.1', 'deprecation': '2.1.0', 'xxhash': '3.4.1', 'wurlitzer': '3.0.3'}, 'python': {'version': '3.10.12', 'machine': 'x86_64'}}
  warnings.warn(

2024-04-22 11:13:11,181:INFO:Initializing predict_model()
2024-04-22 11:13:11,181:INFO:predict_model(self=<pycaret.classification.oop.ClassificationExperiment object at 0x29fdc7430>, estimator=Pipeline(memory=Memory(location=None),
         steps=[('numerical_imputer',
                 TransformerWrapper(include=['age', 'menopause', 'tumor-size',
                                             'inv-nodes', 'node-caps',
                                             'deg-malig', 'breast',
                                             'breast-quad', 'irradiat'],
                                    transformer=SimpleImputer())),
                ('categorical_imputer',
                 TransformerWrapper(include=[],
                                    transformer=SimpleImputer(strategy='most_frequent'))),
                ('clean_column_names',
                 TransformerWrapper(transformer=CleanColumnNames())),
                ('actual_estimator',
                 ExtraTreesClassifier(class_weight='balanced_subsample',
                                      max_depth=6, max_features='log2',
                                      min_impurity_decrease=0.001,
                                      min_samples_leaf=6, min_samples_split=9,
                                      n_estimators=190, n_jobs=-1,
                                      random_state=123))]), probability_threshold=None, encoded_labels=False, raw_score=False, round=4, verbose=True, ml_usecase=None, preprocess=True, encode_labels=<function _SupervisedExperiment.predict_model.<locals>.encode_labels at 0x16b3cedc0>)
2024-04-22 11:13:11,181:INFO:Checking exceptions
2024-04-22 11:13:11,181:INFO:Preloading libraries
2024-04-22 11:13:11,181:INFO:Set up data.
2024-04-22 11:13:11,184:INFO:Set up index.
2024-04-22 11:13:19,755:INFO:Initializing load_model()
2024-04-22 11:13:19,756:INFO:load_model(model_name=final_cancer, platform=None, authentication=None, verbose=True)
2024-04-22 11:13:19,802:WARNING:/Users/tmedeirosb/Desktop/DEV/evasao/venv/lib/python3.9/site-packages/pycaret/internal/pipeline.py:146: UserWarning: Version mismatch:
current: {'deps_info': {'pip': '23.3.1', 'setuptools': '58.0.4', 'pycaret': '3.3.1', 'IPython': '8.14.0', 'ipywidgets': '8.1.0', 'tqdm': '4.66.1', 'numpy': '1.23.5', 'pandas': '1.5.3', 'jinja2': '3.1.2', 'scipy': '1.11.2', 'joblib': '1.3.2', 'sklearn': '1.4.2', 'pyod': '1.1.3', 'imblearn': '0.12.2', 'category_encoders': '2.6.2', 'lightgbm': '4.0.0', 'numba': '0.57.1', 'requests': '2.31.0', 'matplotlib': '3.7.2', 'scikitplot': '0.3.7', 'yellowbrick': '1.5', 'plotly': '5.16.1', 'plotly-resampler': 'Not installed', 'kaleido': '0.2.1', 'schemdraw': '0.15', 'statsmodels': '0.14.0', 'sktime': '0.26.0', 'tbats': '1.1.3', 'pmdarima': '2.0.4', 'psutil': '5.9.5', 'markupsafe': '2.1.3', 'pickle5': 'Not installed', 'cloudpickle': '2.2.1', 'deprecation': '2.1.0', 'xxhash': '3.3.0', 'wurlitzer': '3.0.3'}, 'python': {'version': '3.9.6', 'machine': 'arm64'}}
pickle: {'deps_info': {'pip': '23.1.2', 'setuptools': '67.7.2', 'pycaret': '3.3.1', 'IPython': '7.34.0', 'ipywidgets': '7.7.1', 'tqdm': '4.66.2', 'numpy': '1.25.2', 'pandas': '2.0.3', 'jinja2': '3.1.3', 'scipy': '1.11.4', 'joblib': '1.3.2', 'sklearn': '1.4.2', 'pyod': '1.1.3', 'imblearn': '0.12.2', 'category_encoders': '2.6.3', 'lightgbm': '4.1.0', 'numba': '0.58.1', 'requests': '2.31.0', 'matplotlib': '3.7.1', 'scikitplot': '0.3.7', 'yellowbrick': '1.5', 'plotly': '5.15.0', 'plotly-resampler': 'Not installed', 'kaleido': '0.2.1', 'schemdraw': '0.15', 'statsmodels': '0.14.2', 'sktime': '0.26.0', 'tbats': '1.1.3', 'pmdarima': '2.0.4', 'psutil': '5.9.5', 'markupsafe': '2.1.5', 'pickle5': 'Not installed', 'cloudpickle': '2.2.1', 'deprecation': '2.1.0', 'xxhash': '3.4.1', 'wurlitzer': '3.0.3'}, 'python': {'version': '3.10.12', 'machine': 'x86_64'}}
  warnings.warn(

2024-04-22 11:13:20,329:INFO:Initializing predict_model()
2024-04-22 11:13:20,330:INFO:predict_model(self=<pycaret.classification.oop.ClassificationExperiment object at 0x2a2b62d30>, estimator=Pipeline(memory=Memory(location=None),
         steps=[('numerical_imputer',
                 TransformerWrapper(include=['age', 'menopause', 'tumor-size',
                                             'inv-nodes', 'node-caps',
                                             'deg-malig', 'breast',
                                             'breast-quad', 'irradiat'],
                                    transformer=SimpleImputer())),
                ('categorical_imputer',
                 TransformerWrapper(include=[],
                                    transformer=SimpleImputer(strategy='most_frequent'))),
                ('clean_column_names',
                 TransformerWrapper(transformer=CleanColumnNames())),
                ('actual_estimator',
                 ExtraTreesClassifier(class_weight='balanced_subsample',
                                      max_depth=6, max_features='log2',
                                      min_impurity_decrease=0.001,
                                      min_samples_leaf=6, min_samples_split=9,
                                      n_estimators=190, n_jobs=-1,
                                      random_state=123))]), probability_threshold=None, encoded_labels=False, raw_score=False, round=4, verbose=True, ml_usecase=None, preprocess=True, encode_labels=<function _SupervisedExperiment.predict_model.<locals>.encode_labels at 0x16b3cef70>)
2024-04-22 11:13:20,330:INFO:Checking exceptions
2024-04-22 11:13:20,330:INFO:Preloading libraries
2024-04-22 11:13:20,330:INFO:Set up data.
2024-04-22 11:13:20,333:INFO:Set up index.
2024-04-22 11:13:26,293:INFO:Initializing load_model()
2024-04-22 11:13:26,293:INFO:load_model(model_name=final_cancer, platform=None, authentication=None, verbose=True)
2024-04-22 11:13:26,336:WARNING:/Users/tmedeirosb/Desktop/DEV/evasao/venv/lib/python3.9/site-packages/pycaret/internal/pipeline.py:146: UserWarning: Version mismatch:
current: {'deps_info': {'pip': '23.3.1', 'setuptools': '58.0.4', 'pycaret': '3.3.1', 'IPython': '8.14.0', 'ipywidgets': '8.1.0', 'tqdm': '4.66.1', 'numpy': '1.23.5', 'pandas': '1.5.3', 'jinja2': '3.1.2', 'scipy': '1.11.2', 'joblib': '1.3.2', 'sklearn': '1.4.2', 'pyod': '1.1.3', 'imblearn': '0.12.2', 'category_encoders': '2.6.2', 'lightgbm': '4.0.0', 'numba': '0.57.1', 'requests': '2.31.0', 'matplotlib': '3.7.2', 'scikitplot': '0.3.7', 'yellowbrick': '1.5', 'plotly': '5.16.1', 'plotly-resampler': 'Not installed', 'kaleido': '0.2.1', 'schemdraw': '0.15', 'statsmodels': '0.14.0', 'sktime': '0.26.0', 'tbats': '1.1.3', 'pmdarima': '2.0.4', 'psutil': '5.9.5', 'markupsafe': '2.1.3', 'pickle5': 'Not installed', 'cloudpickle': '2.2.1', 'deprecation': '2.1.0', 'xxhash': '3.3.0', 'wurlitzer': '3.0.3'}, 'python': {'version': '3.9.6', 'machine': 'arm64'}}
pickle: {'deps_info': {'pip': '23.1.2', 'setuptools': '67.7.2', 'pycaret': '3.3.1', 'IPython': '7.34.0', 'ipywidgets': '7.7.1', 'tqdm': '4.66.2', 'numpy': '1.25.2', 'pandas': '2.0.3', 'jinja2': '3.1.3', 'scipy': '1.11.4', 'joblib': '1.3.2', 'sklearn': '1.4.2', 'pyod': '1.1.3', 'imblearn': '0.12.2', 'category_encoders': '2.6.3', 'lightgbm': '4.1.0', 'numba': '0.58.1', 'requests': '2.31.0', 'matplotlib': '3.7.1', 'scikitplot': '0.3.7', 'yellowbrick': '1.5', 'plotly': '5.15.0', 'plotly-resampler': 'Not installed', 'kaleido': '0.2.1', 'schemdraw': '0.15', 'statsmodels': '0.14.2', 'sktime': '0.26.0', 'tbats': '1.1.3', 'pmdarima': '2.0.4', 'psutil': '5.9.5', 'markupsafe': '2.1.5', 'pickle5': 'Not installed', 'cloudpickle': '2.2.1', 'deprecation': '2.1.0', 'xxhash': '3.4.1', 'wurlitzer': '3.0.3'}, 'python': {'version': '3.10.12', 'machine': 'x86_64'}}
  warnings.warn(

2024-04-22 11:13:30,328:INFO:Initializing load_model()
2024-04-22 11:13:30,329:INFO:load_model(model_name=final_cancer, platform=None, authentication=None, verbose=True)
2024-04-22 11:13:30,381:WARNING:/Users/tmedeirosb/Desktop/DEV/evasao/venv/lib/python3.9/site-packages/pycaret/internal/pipeline.py:146: UserWarning: Version mismatch:
current: {'deps_info': {'pip': '23.3.1', 'setuptools': '58.0.4', 'pycaret': '3.3.1', 'IPython': '8.14.0', 'ipywidgets': '8.1.0', 'tqdm': '4.66.1', 'numpy': '1.23.5', 'pandas': '1.5.3', 'jinja2': '3.1.2', 'scipy': '1.11.2', 'joblib': '1.3.2', 'sklearn': '1.4.2', 'pyod': '1.1.3', 'imblearn': '0.12.2', 'category_encoders': '2.6.2', 'lightgbm': '4.0.0', 'numba': '0.57.1', 'requests': '2.31.0', 'matplotlib': '3.7.2', 'scikitplot': '0.3.7', 'yellowbrick': '1.5', 'plotly': '5.16.1', 'plotly-resampler': 'Not installed', 'kaleido': '0.2.1', 'schemdraw': '0.15', 'statsmodels': '0.14.0', 'sktime': '0.26.0', 'tbats': '1.1.3', 'pmdarima': '2.0.4', 'psutil': '5.9.5', 'markupsafe': '2.1.3', 'pickle5': 'Not installed', 'cloudpickle': '2.2.1', 'deprecation': '2.1.0', 'xxhash': '3.3.0', 'wurlitzer': '3.0.3'}, 'python': {'version': '3.9.6', 'machine': 'arm64'}}
pickle: {'deps_info': {'pip': '23.1.2', 'setuptools': '67.7.2', 'pycaret': '3.3.1', 'IPython': '7.34.0', 'ipywidgets': '7.7.1', 'tqdm': '4.66.2', 'numpy': '1.25.2', 'pandas': '2.0.3', 'jinja2': '3.1.3', 'scipy': '1.11.4', 'joblib': '1.3.2', 'sklearn': '1.4.2', 'pyod': '1.1.3', 'imblearn': '0.12.2', 'category_encoders': '2.6.3', 'lightgbm': '4.1.0', 'numba': '0.58.1', 'requests': '2.31.0', 'matplotlib': '3.7.1', 'scikitplot': '0.3.7', 'yellowbrick': '1.5', 'plotly': '5.15.0', 'plotly-resampler': 'Not installed', 'kaleido': '0.2.1', 'schemdraw': '0.15', 'statsmodels': '0.14.2', 'sktime': '0.26.0', 'tbats': '1.1.3', 'pmdarima': '2.0.4', 'psutil': '5.9.5', 'markupsafe': '2.1.5', 'pickle5': 'Not installed', 'cloudpickle': '2.2.1', 'deprecation': '2.1.0', 'xxhash': '3.4.1', 'wurlitzer': '3.0.3'}, 'python': {'version': '3.10.12', 'machine': 'x86_64'}}
  warnings.warn(

2024-04-22 11:13:32,292:INFO:Initializing load_model()
2024-04-22 11:13:32,293:INFO:load_model(model_name=final_cancer, platform=None, authentication=None, verbose=True)
2024-04-22 11:13:32,344:WARNING:/Users/tmedeirosb/Desktop/DEV/evasao/venv/lib/python3.9/site-packages/pycaret/internal/pipeline.py:146: UserWarning: Version mismatch:
current: {'deps_info': {'pip': '23.3.1', 'setuptools': '58.0.4', 'pycaret': '3.3.1', 'IPython': '8.14.0', 'ipywidgets': '8.1.0', 'tqdm': '4.66.1', 'numpy': '1.23.5', 'pandas': '1.5.3', 'jinja2': '3.1.2', 'scipy': '1.11.2', 'joblib': '1.3.2', 'sklearn': '1.4.2', 'pyod': '1.1.3', 'imblearn': '0.12.2', 'category_encoders': '2.6.2', 'lightgbm': '4.0.0', 'numba': '0.57.1', 'requests': '2.31.0', 'matplotlib': '3.7.2', 'scikitplot': '0.3.7', 'yellowbrick': '1.5', 'plotly': '5.16.1', 'plotly-resampler': 'Not installed', 'kaleido': '0.2.1', 'schemdraw': '0.15', 'statsmodels': '0.14.0', 'sktime': '0.26.0', 'tbats': '1.1.3', 'pmdarima': '2.0.4', 'psutil': '5.9.5', 'markupsafe': '2.1.3', 'pickle5': 'Not installed', 'cloudpickle': '2.2.1', 'deprecation': '2.1.0', 'xxhash': '3.3.0', 'wurlitzer': '3.0.3'}, 'python': {'version': '3.9.6', 'machine': 'arm64'}}
pickle: {'deps_info': {'pip': '23.1.2', 'setuptools': '67.7.2', 'pycaret': '3.3.1', 'IPython': '7.34.0', 'ipywidgets': '7.7.1', 'tqdm': '4.66.2', 'numpy': '1.25.2', 'pandas': '2.0.3', 'jinja2': '3.1.3', 'scipy': '1.11.4', 'joblib': '1.3.2', 'sklearn': '1.4.2', 'pyod': '1.1.3', 'imblearn': '0.12.2', 'category_encoders': '2.6.3', 'lightgbm': '4.1.0', 'numba': '0.58.1', 'requests': '2.31.0', 'matplotlib': '3.7.1', 'scikitplot': '0.3.7', 'yellowbrick': '1.5', 'plotly': '5.15.0', 'plotly-resampler': 'Not installed', 'kaleido': '0.2.1', 'schemdraw': '0.15', 'statsmodels': '0.14.2', 'sktime': '0.26.0', 'tbats': '1.1.3', 'pmdarima': '2.0.4', 'psutil': '5.9.5', 'markupsafe': '2.1.5', 'pickle5': 'Not installed', 'cloudpickle': '2.2.1', 'deprecation': '2.1.0', 'xxhash': '3.4.1', 'wurlitzer': '3.0.3'}, 'python': {'version': '3.10.12', 'machine': 'x86_64'}}
  warnings.warn(

2024-04-22 11:13:32,729:INFO:Initializing predict_model()
2024-04-22 11:13:32,730:INFO:predict_model(self=<pycaret.classification.oop.ClassificationExperiment object at 0x29fde7850>, estimator=Pipeline(memory=Memory(location=None),
         steps=[('numerical_imputer',
                 TransformerWrapper(include=['age', 'menopause', 'tumor-size',
                                             'inv-nodes', 'node-caps',
                                             'deg-malig', 'breast',
                                             'breast-quad', 'irradiat'],
                                    transformer=SimpleImputer())),
                ('categorical_imputer',
                 TransformerWrapper(include=[],
                                    transformer=SimpleImputer(strategy='most_frequent'))),
                ('clean_column_names',
                 TransformerWrapper(transformer=CleanColumnNames())),
                ('actual_estimator',
                 ExtraTreesClassifier(class_weight='balanced_subsample',
                                      max_depth=6, max_features='log2',
                                      min_impurity_decrease=0.001,
                                      min_samples_leaf=6, min_samples_split=9,
                                      n_estimators=190, n_jobs=-1,
                                      random_state=123))]), probability_threshold=None, encoded_labels=False, raw_score=False, round=4, verbose=True, ml_usecase=None, preprocess=True, encode_labels=<function _SupervisedExperiment.predict_model.<locals>.encode_labels at 0x29ffaeb80>)
2024-04-22 11:13:32,730:INFO:Checking exceptions
2024-04-22 11:13:32,730:INFO:Preloading libraries
2024-04-22 11:13:32,730:INFO:Set up data.
2024-04-22 11:13:32,732:INFO:Set up index.
2024-04-22 11:13:37,475:INFO:Initializing load_model()
2024-04-22 11:13:37,475:INFO:load_model(model_name=final_cancer, platform=None, authentication=None, verbose=True)
2024-04-22 11:13:37,519:WARNING:/Users/tmedeirosb/Desktop/DEV/evasao/venv/lib/python3.9/site-packages/pycaret/internal/pipeline.py:146: UserWarning: Version mismatch:
current: {'deps_info': {'pip': '23.3.1', 'setuptools': '58.0.4', 'pycaret': '3.3.1', 'IPython': '8.14.0', 'ipywidgets': '8.1.0', 'tqdm': '4.66.1', 'numpy': '1.23.5', 'pandas': '1.5.3', 'jinja2': '3.1.2', 'scipy': '1.11.2', 'joblib': '1.3.2', 'sklearn': '1.4.2', 'pyod': '1.1.3', 'imblearn': '0.12.2', 'category_encoders': '2.6.2', 'lightgbm': '4.0.0', 'numba': '0.57.1', 'requests': '2.31.0', 'matplotlib': '3.7.2', 'scikitplot': '0.3.7', 'yellowbrick': '1.5', 'plotly': '5.16.1', 'plotly-resampler': 'Not installed', 'kaleido': '0.2.1', 'schemdraw': '0.15', 'statsmodels': '0.14.0', 'sktime': '0.26.0', 'tbats': '1.1.3', 'pmdarima': '2.0.4', 'psutil': '5.9.5', 'markupsafe': '2.1.3', 'pickle5': 'Not installed', 'cloudpickle': '2.2.1', 'deprecation': '2.1.0', 'xxhash': '3.3.0', 'wurlitzer': '3.0.3'}, 'python': {'version': '3.9.6', 'machine': 'arm64'}}
pickle: {'deps_info': {'pip': '23.1.2', 'setuptools': '67.7.2', 'pycaret': '3.3.1', 'IPython': '7.34.0', 'ipywidgets': '7.7.1', 'tqdm': '4.66.2', 'numpy': '1.25.2', 'pandas': '2.0.3', 'jinja2': '3.1.3', 'scipy': '1.11.4', 'joblib': '1.3.2', 'sklearn': '1.4.2', 'pyod': '1.1.3', 'imblearn': '0.12.2', 'category_encoders': '2.6.3', 'lightgbm': '4.1.0', 'numba': '0.58.1', 'requests': '2.31.0', 'matplotlib': '3.7.1', 'scikitplot': '0.3.7', 'yellowbrick': '1.5', 'plotly': '5.15.0', 'plotly-resampler': 'Not installed', 'kaleido': '0.2.1', 'schemdraw': '0.15', 'statsmodels': '0.14.2', 'sktime': '0.26.0', 'tbats': '1.1.3', 'pmdarima': '2.0.4', 'psutil': '5.9.5', 'markupsafe': '2.1.5', 'pickle5': 'Not installed', 'cloudpickle': '2.2.1', 'deprecation': '2.1.0', 'xxhash': '3.4.1', 'wurlitzer': '3.0.3'}, 'python': {'version': '3.10.12', 'machine': 'x86_64'}}
  warnings.warn(

2024-04-22 11:13:38,526:INFO:Initializing load_model()
2024-04-22 11:13:38,526:INFO:load_model(model_name=final_cancer, platform=None, authentication=None, verbose=True)
2024-04-22 11:13:38,581:WARNING:/Users/tmedeirosb/Desktop/DEV/evasao/venv/lib/python3.9/site-packages/pycaret/internal/pipeline.py:146: UserWarning: Version mismatch:
current: {'deps_info': {'pip': '23.3.1', 'setuptools': '58.0.4', 'pycaret': '3.3.1', 'IPython': '8.14.0', 'ipywidgets': '8.1.0', 'tqdm': '4.66.1', 'numpy': '1.23.5', 'pandas': '1.5.3', 'jinja2': '3.1.2', 'scipy': '1.11.2', 'joblib': '1.3.2', 'sklearn': '1.4.2', 'pyod': '1.1.3', 'imblearn': '0.12.2', 'category_encoders': '2.6.2', 'lightgbm': '4.0.0', 'numba': '0.57.1', 'requests': '2.31.0', 'matplotlib': '3.7.2', 'scikitplot': '0.3.7', 'yellowbrick': '1.5', 'plotly': '5.16.1', 'plotly-resampler': 'Not installed', 'kaleido': '0.2.1', 'schemdraw': '0.15', 'statsmodels': '0.14.0', 'sktime': '0.26.0', 'tbats': '1.1.3', 'pmdarima': '2.0.4', 'psutil': '5.9.5', 'markupsafe': '2.1.3', 'pickle5': 'Not installed', 'cloudpickle': '2.2.1', 'deprecation': '2.1.0', 'xxhash': '3.3.0', 'wurlitzer': '3.0.3'}, 'python': {'version': '3.9.6', 'machine': 'arm64'}}
pickle: {'deps_info': {'pip': '23.1.2', 'setuptools': '67.7.2', 'pycaret': '3.3.1', 'IPython': '7.34.0', 'ipywidgets': '7.7.1', 'tqdm': '4.66.2', 'numpy': '1.25.2', 'pandas': '2.0.3', 'jinja2': '3.1.3', 'scipy': '1.11.4', 'joblib': '1.3.2', 'sklearn': '1.4.2', 'pyod': '1.1.3', 'imblearn': '0.12.2', 'category_encoders': '2.6.3', 'lightgbm': '4.1.0', 'numba': '0.58.1', 'requests': '2.31.0', 'matplotlib': '3.7.1', 'scikitplot': '0.3.7', 'yellowbrick': '1.5', 'plotly': '5.15.0', 'plotly-resampler': 'Not installed', 'kaleido': '0.2.1', 'schemdraw': '0.15', 'statsmodels': '0.14.2', 'sktime': '0.26.0', 'tbats': '1.1.3', 'pmdarima': '2.0.4', 'psutil': '5.9.5', 'markupsafe': '2.1.5', 'pickle5': 'Not installed', 'cloudpickle': '2.2.1', 'deprecation': '2.1.0', 'xxhash': '3.4.1', 'wurlitzer': '3.0.3'}, 'python': {'version': '3.10.12', 'machine': 'x86_64'}}
  warnings.warn(

2024-04-22 11:13:38,950:INFO:Initializing predict_model()
2024-04-22 11:13:38,950:INFO:predict_model(self=<pycaret.classification.oop.ClassificationExperiment object at 0x16b438b50>, estimator=Pipeline(memory=Memory(location=None),
         steps=[('numerical_imputer',
                 TransformerWrapper(include=['age', 'menopause', 'tumor-size',
                                             'inv-nodes', 'node-caps',
                                             'deg-malig', 'breast',
                                             'breast-quad', 'irradiat'],
                                    transformer=SimpleImputer())),
                ('categorical_imputer',
                 TransformerWrapper(include=[],
                                    transformer=SimpleImputer(strategy='most_frequent'))),
                ('clean_column_names',
                 TransformerWrapper(transformer=CleanColumnNames())),
                ('actual_estimator',
                 ExtraTreesClassifier(class_weight='balanced_subsample',
                                      max_depth=6, max_features='log2',
                                      min_impurity_decrease=0.001,
                                      min_samples_leaf=6, min_samples_split=9,
                                      n_estimators=190, n_jobs=-1,
                                      random_state=123))]), probability_threshold=None, encoded_labels=False, raw_score=False, round=4, verbose=True, ml_usecase=None, preprocess=True, encode_labels=<function _SupervisedExperiment.predict_model.<locals>.encode_labels at 0x16b3cec10>)
2024-04-22 11:13:38,950:INFO:Checking exceptions
2024-04-22 11:13:38,950:INFO:Preloading libraries
2024-04-22 11:13:38,951:INFO:Set up data.
2024-04-22 11:13:38,954:INFO:Set up index.
2024-04-22 11:13:41,727:INFO:Initializing load_model()
2024-04-22 11:13:41,729:INFO:load_model(model_name=final_cancer, platform=None, authentication=None, verbose=True)
2024-04-22 11:13:41,781:WARNING:/Users/tmedeirosb/Desktop/DEV/evasao/venv/lib/python3.9/site-packages/pycaret/internal/pipeline.py:146: UserWarning: Version mismatch:
current: {'deps_info': {'pip': '23.3.1', 'setuptools': '58.0.4', 'pycaret': '3.3.1', 'IPython': '8.14.0', 'ipywidgets': '8.1.0', 'tqdm': '4.66.1', 'numpy': '1.23.5', 'pandas': '1.5.3', 'jinja2': '3.1.2', 'scipy': '1.11.2', 'joblib': '1.3.2', 'sklearn': '1.4.2', 'pyod': '1.1.3', 'imblearn': '0.12.2', 'category_encoders': '2.6.2', 'lightgbm': '4.0.0', 'numba': '0.57.1', 'requests': '2.31.0', 'matplotlib': '3.7.2', 'scikitplot': '0.3.7', 'yellowbrick': '1.5', 'plotly': '5.16.1', 'plotly-resampler': 'Not installed', 'kaleido': '0.2.1', 'schemdraw': '0.15', 'statsmodels': '0.14.0', 'sktime': '0.26.0', 'tbats': '1.1.3', 'pmdarima': '2.0.4', 'psutil': '5.9.5', 'markupsafe': '2.1.3', 'pickle5': 'Not installed', 'cloudpickle': '2.2.1', 'deprecation': '2.1.0', 'xxhash': '3.3.0', 'wurlitzer': '3.0.3'}, 'python': {'version': '3.9.6', 'machine': 'arm64'}}
pickle: {'deps_info': {'pip': '23.1.2', 'setuptools': '67.7.2', 'pycaret': '3.3.1', 'IPython': '7.34.0', 'ipywidgets': '7.7.1', 'tqdm': '4.66.2', 'numpy': '1.25.2', 'pandas': '2.0.3', 'jinja2': '3.1.3', 'scipy': '1.11.4', 'joblib': '1.3.2', 'sklearn': '1.4.2', 'pyod': '1.1.3', 'imblearn': '0.12.2', 'category_encoders': '2.6.3', 'lightgbm': '4.1.0', 'numba': '0.58.1', 'requests': '2.31.0', 'matplotlib': '3.7.1', 'scikitplot': '0.3.7', 'yellowbrick': '1.5', 'plotly': '5.15.0', 'plotly-resampler': 'Not installed', 'kaleido': '0.2.1', 'schemdraw': '0.15', 'statsmodels': '0.14.2', 'sktime': '0.26.0', 'tbats': '1.1.3', 'pmdarima': '2.0.4', 'psutil': '5.9.5', 'markupsafe': '2.1.5', 'pickle5': 'Not installed', 'cloudpickle': '2.2.1', 'deprecation': '2.1.0', 'xxhash': '3.4.1', 'wurlitzer': '3.0.3'}, 'python': {'version': '3.10.12', 'machine': 'x86_64'}}
  warnings.warn(

2024-04-22 11:13:42,274:INFO:Initializing load_model()
2024-04-22 11:13:42,276:INFO:load_model(model_name=final_cancer, platform=None, authentication=None, verbose=True)
2024-04-22 11:13:42,407:WARNING:/Users/tmedeirosb/Desktop/DEV/evasao/venv/lib/python3.9/site-packages/pycaret/internal/pipeline.py:146: UserWarning: Version mismatch:
current: {'deps_info': {'pip': '23.3.1', 'setuptools': '58.0.4', 'pycaret': '3.3.1', 'IPython': '8.14.0', 'ipywidgets': '8.1.0', 'tqdm': '4.66.1', 'numpy': '1.23.5', 'pandas': '1.5.3', 'jinja2': '3.1.2', 'scipy': '1.11.2', 'joblib': '1.3.2', 'sklearn': '1.4.2', 'pyod': '1.1.3', 'imblearn': '0.12.2', 'category_encoders': '2.6.2', 'lightgbm': '4.0.0', 'numba': '0.57.1', 'requests': '2.31.0', 'matplotlib': '3.7.2', 'scikitplot': '0.3.7', 'yellowbrick': '1.5', 'plotly': '5.16.1', 'plotly-resampler': 'Not installed', 'kaleido': '0.2.1', 'schemdraw': '0.15', 'statsmodels': '0.14.0', 'sktime': '0.26.0', 'tbats': '1.1.3', 'pmdarima': '2.0.4', 'psutil': '5.9.5', 'markupsafe': '2.1.3', 'pickle5': 'Not installed', 'cloudpickle': '2.2.1', 'deprecation': '2.1.0', 'xxhash': '3.3.0', 'wurlitzer': '3.0.3'}, 'python': {'version': '3.9.6', 'machine': 'arm64'}}
pickle: {'deps_info': {'pip': '23.1.2', 'setuptools': '67.7.2', 'pycaret': '3.3.1', 'IPython': '7.34.0', 'ipywidgets': '7.7.1', 'tqdm': '4.66.2', 'numpy': '1.25.2', 'pandas': '2.0.3', 'jinja2': '3.1.3', 'scipy': '1.11.4', 'joblib': '1.3.2', 'sklearn': '1.4.2', 'pyod': '1.1.3', 'imblearn': '0.12.2', 'category_encoders': '2.6.3', 'lightgbm': '4.1.0', 'numba': '0.58.1', 'requests': '2.31.0', 'matplotlib': '3.7.1', 'scikitplot': '0.3.7', 'yellowbrick': '1.5', 'plotly': '5.15.0', 'plotly-resampler': 'Not installed', 'kaleido': '0.2.1', 'schemdraw': '0.15', 'statsmodels': '0.14.2', 'sktime': '0.26.0', 'tbats': '1.1.3', 'pmdarima': '2.0.4', 'psutil': '5.9.5', 'markupsafe': '2.1.5', 'pickle5': 'Not installed', 'cloudpickle': '2.2.1', 'deprecation': '2.1.0', 'xxhash': '3.4.1', 'wurlitzer': '3.0.3'}, 'python': {'version': '3.10.12', 'machine': 'x86_64'}}
  warnings.warn(

2024-04-22 11:13:42,737:INFO:Initializing predict_model()
2024-04-22 11:13:42,737:INFO:predict_model(self=<pycaret.classification.oop.ClassificationExperiment object at 0x29fdb27c0>, estimator=Pipeline(memory=Memory(location=None),
         steps=[('numerical_imputer',
                 TransformerWrapper(include=['age', 'menopause', 'tumor-size',
                                             'inv-nodes', 'node-caps',
                                             'deg-malig', 'breast',
                                             'breast-quad', 'irradiat'],
                                    transformer=SimpleImputer())),
                ('categorical_imputer',
                 TransformerWrapper(include=[],
                                    transformer=SimpleImputer(strategy='most_frequent'))),
                ('clean_column_names',
                 TransformerWrapper(transformer=CleanColumnNames())),
                ('actual_estimator',
                 ExtraTreesClassifier(class_weight='balanced_subsample',
                                      max_depth=6, max_features='log2',
                                      min_impurity_decrease=0.001,
                                      min_samples_leaf=6, min_samples_split=9,
                                      n_estimators=190, n_jobs=-1,
                                      random_state=123))]), probability_threshold=None, encoded_labels=False, raw_score=False, round=4, verbose=True, ml_usecase=None, preprocess=True, encode_labels=<function _SupervisedExperiment.predict_model.<locals>.encode_labels at 0x16b3cee50>)
2024-04-22 11:13:42,737:INFO:Checking exceptions
2024-04-22 11:13:42,737:INFO:Preloading libraries
2024-04-22 11:13:42,737:INFO:Set up data.
2024-04-22 11:13:42,740:INFO:Set up index.
